Flow report for my_project1
Tue Aug 18 16:31:47 2015
Quartus II Version 9.1 Build 304 01/25/2010 Service Pack 1 SJ Web Edition


---------------------
; Table of Contents ;
---------------------
  1. Legal Notice
  2. Flow Summary
  3. Flow Settings
  4. Flow Non-Default Global Settings
  5. Flow Elapsed Time
  6. Flow OS Summary
  7. Flow Log



----------------
; Legal Notice ;
----------------
Copyright (C) 1991-2010 Altera Corporation
Your use of Altera Corporation's design tools, logic functions 
and other software and tools, and its AMPP partner logic 
functions, and any output files from any of the foregoing 
(including device programming or simulation files), and any 
associated documentation or information are expressly subject 
to the terms and conditions of the Altera Program License 
Subscription Agreement, Altera MegaCore Function License 
Agreement, or other applicable license agreement, including, 
without limitation, that your use is for the sole purpose of 
programming logic devices manufactured by Altera and sold by 
Altera or its authorized distributors.  Please refer to the 
applicable agreement for further details.



+-----------------------------------------------------------------------------------+
; Flow Summary                                                                      ;
+------------------------------------+----------------------------------------------+
; Flow Status                        ; Successful - Tue Aug 18 16:31:47 2015        ;
; Quartus II Version                 ; 9.1 Build 304 01/25/2010 SP 1 SJ Web Edition ;
; Revision Name                      ; my_project1                                  ;
; Top-level Entity Name              ; my_project1                                  ;
; Family                             ; Cyclone II                                   ;
; Device                             ; EP2C5AF256A7                                 ;
; Timing Models                      ; Final                                        ;
; Met timing requirements            ; Yes                                          ;
; Total logic elements               ; 1 / 4,608 ( < 1 % )                          ;
;     Total combinational functions  ; 1 / 4,608 ( < 1 % )                          ;
;     Dedicated logic registers      ; 0 / 4,608 ( 0 % )                            ;
; Total registers                    ; 0                                            ;
; Total pins                         ; 4 / 158 ( 3 % )                              ;
; Total virtual pins                 ; 0                                            ;
; Total memory bits                  ; 0 / 119,808 ( 0 % )                          ;
; Embedded Multiplier 9-bit elements ; 0 / 26 ( 0 % )                               ;
; Total PLLs                         ; 0 / 2 ( 0 % )                                ;
+------------------------------------+----------------------------------------------+


+-----------------------------------------+
; Flow Settings                           ;
+-------------------+---------------------+
; Option            ; Setting             ;
+-------------------+---------------------+
; Start date & time ; 08/18/2015 16:31:32 ;
; Main task         ; Compilation         ;
; Revision Name     ; my_project1         ;
+-------------------+---------------------+


+--------------------------------------------------------------------------------------------------------------------+
; Flow Non-Default Global Settings                                                                                   ;
+------------------------------------+--------------------------------+---------------+-------------+----------------+
; Assignment Name                    ; Value                          ; Default Value ; Entity Name ; Section Id     ;
+------------------------------------+--------------------------------+---------------+-------------+----------------+
; COMPILER_SIGNATURE_ID              ; 18111115677363.143990829206672 ; --            ; --          ; --             ;
; MAX_CORE_JUNCTION_TEMP             ; 125                            ; --            ; --          ; --             ;
; MIN_CORE_JUNCTION_TEMP             ; -40                            ; --            ; --          ; --             ;
; PARTITION_COLOR                    ; 16764057                       ; --            ; --          ; Top            ;
; PARTITION_NETLIST_TYPE             ; SOURCE                         ; --            ; --          ; Top            ;
; USE_GENERATED_PHYSICAL_CONSTRAINTS ; Off                            ; --            ; --          ; eda_blast_fpga ;
+------------------------------------+--------------------------------+---------------+-------------+----------------+


+-----------------------------------------------------------------------------------------------------------------------------+
; Flow Elapsed Time                                                                                                           ;
+-------------------------+--------------+-------------------------+---------------------+------------------------------------+
; Module Name             ; Elapsed Time ; Average Processors Used ; Peak Virtual Memory ; Total CPU Time (on all processors) ;
+-------------------------+--------------+-------------------------+---------------------+------------------------------------+
; Analysis & Synthesis    ; 00:00:03     ; 1.0                     ; 180 MB              ; 00:00:01                           ;
; Fitter                  ; 00:00:03     ; 1.0                     ; 166 MB              ; 00:00:02                           ;
; Assembler               ; 00:00:02     ; 1.0                     ; 151 MB              ; 00:00:01                           ;
; Classic Timing Analyzer ; 00:00:00     ; 1.0                     ; 112 MB              ; 00:00:00                           ;
; Total                   ; 00:00:08     ; --                      ; --                  ; 00:00:04                           ;
+-------------------------+--------------+-------------------------+---------------------+------------------------------------+


+---------------------------------------------------------------------------------------+
; Flow OS Summary                                                                       ;
+-------------------------+------------------+------------+------------+----------------+
; Module Name             ; Machine Hostname ; OS Name    ; OS Version ; Processor type ;
+-------------------------+------------------+------------+------------+----------------+
; Analysis & Synthesis    ; BBF-PCD03        ; Windows XP ; 5.1        ; i686           ;
; Fitter                  ; BBF-PCD03        ; Windows XP ; 5.1        ; i686           ;
; Assembler               ; BBF-PCD03        ; Windows XP ; 5.1        ; i686           ;
; Classic Timing Analyzer ; BBF-PCD03        ; Windows XP ; 5.1        ; i686           ;
+-------------------------+------------------+------------+------------+----------------+


------------
; Flow Log ;
------------
quartus_map --read_settings_files=on --write_settings_files=off my_project1 -c my_project1
quartus_fit --read_settings_files=off --write_settings_files=off my_project1 -c my_project1
quartus_asm --read_settings_files=off --write_settings_files=off my_project1 -c my_project1
quartus_tan --read_settings_files=off --write_settings_files=off my_project1 -c my_project1 --timing_analysis_only



